3-FemaleGlasses-Yawning.avi 2 5 2 6 -1 0
4-FemaleGlasses-Yawning.avi 0 5 2 5 9 0 10 15 2 15 -1 0
5-FemaleGlasses-Yawning.avi 0 4 0 5 9 2 14 17 2 18 -1 0
6-FemaleNoGlasses-Yawning.avi 0 3 0 4 12 2 13 -1 0
7-FemaleGlasses-Yawning.avi 0 2 0 3 4 2 16 17 2 18 -1 0
8-FemaleGlasses-Yawning.avi 0 2 0 3 6 2 15 19 2 20 -1 0
9-FemaleNoGlasses-Yawning.avi 1 2 2 5 6 2 7 -1 0
10-FemaleNoGlasses-Yawning.avi 1 4 2 5 9 1 9 11 0 12 15 2 16 -1 0
11-FemaleNoGlasses-Yawning.avi 0 5 0 6 7 2 11 13 2 14 -1 0
12-FemaleNoGlasses-Yawning.avi 0 4 0 5 12 2 18 22 2 23 -1 0
13-FemaleNoGlasses-Yawning.avi 0 6 0 7 10 2 11 -1 0
14-FemaleNoGlasses-Yawning.avi 0 6 1 7 13 2 14 -1 0
15-FemaleGlasses-Yawning.avi 0 3 0 4 7 2 8 -1 0
15-FemaleSunGlasses-Yawning.avi 0 4 0 5 7 2 8 -1 0
16-FemaleGlasses-Yawning.avi 2 5 2 11 15 2 16 -1 0
17-FemaleNoGlasses-Yawning.avi 1 4 2 10 13 2 14 -1 0
17-FemaleSunGlasses-Yawning.avi 1 4 2 5 7 0 8 10 2 11 -1 0
18-FemaleNoGlasses-Yawning.avi 2 5 2 6 -1 0
18-FemaleSunGlasses-Yawning.avi 0 4 0 5 9 2 10 -1 0
19-FemaleNoGlasses-Talking&Yawning.avi 0 3 0 4 8 1 9 11 2 12 -1 0
19-FemaleNoGlasses-Yawning.avi 0 3 0 4 9 2 10 -1 0
20-FemaleNoGlasses-Yawning.avi 0 5 0 6 9 2 10 19 0 20 22 2
21-FemaleNoGlasses-Yawning.avi 0 3 0 3 5 2 6 -1 0
22-FemaleNoGlasses-Yawning.avi 0 5 0 6 9 2 10 -1 0
22-FemaleSunGlasses-Yawning.avi 0 2 0 3 7 2 8 -1 0
23-FemaleNoGlasses-Talking&Yawning.avi 0 7 1 8 9 2 10 -1 1
23-FemaleNoGlasses-Yawning.avi 0 4 0 5 7 2 8 -1 0
24-FemaleNoGlasses-Yawning.avi 0 5 0 6 7 2 13 16 2 14 -1 0
25-FemaleNoGlasses-Yawning.avi 1 5 2 3 -1 0
25-FemaleSunGlasses-Yawning.avi 1 5 2 6 10 0 11 16 2 17 -1 0
26-FemaleGlasses-Yawning.avi 0 4 0 5 9 2 10 -1 0
26-FemaleSunGlasses-Yawning.avi 1 5 2 6 9 0 10 12 2 13 -1 0
27-FemaleNoGlasses-Talking&Yawning.avi 2 3 2 4 12 0 13 20 1 21 -1 0
27-FemaleSunGlasses-Yawning.avi 0 4 0 5 8 2 9 -1 0
28-FemaleNoGlasses-Yawning.avi 0 2 0 3 8 2 9 -1 0
29-FemaleNoGlasses-Yawning.avi 0 4 0 5 8 2 9 -1 0
30-FemaleNoGlasses-Yawning.avi 2 5 2 6 10 0 11 14 2 15 -1 0
31-FemaleGlasses-Yawning.avi 0 5 0 6 10 2 11 -1 0
31-FemaleNoGlasses-Yawning.avi 0 5 0 6 9 2 10 -1 0
32-FemaleSunGlasses-Yawning.avi 0 2 1 4 6 1 7 9 2 13 16 0 17 19 2 26 27 2
33-FemaleNoGlasses-Yawning.avi 0 7 0 8 11 2 12 16 0 17 20 2 21 -1 0
34-FemaleNoGlasses-Talking&Yawning.avi 0 4 0 5 8 2 9 -1 0
34-FemaleNoGlasses-Yawning.avi 0 3 0 4 6 2 7 11 0 12 -1 1
35-FemaleNoGlasses-Talking&Yawning.avi 0 7 0 8 10 2 11 16 1 17 -1 0
35-FemaleNoGlasses-Yawning.avi 1 3 2 4 12 0 13 15 2 16 -1 0
36-FemaleNoGlasses-Talking&Yawning.avi 3 9 1 10 11 2 12 15 1 16 -1 0
36-FemaleNoGlasses-Yawning.avi 0 5 0 6 7 2 8 -1 0
37-FemaleNoGlasses-Talking&Yawning.avi 0 7 1 8 9 2 10 16 1 17 19 2 20 -1 1
37-FemaleNoGlasses-Yawning.avi 2 5 2 6 -1 0
38-FemaleNoGlasses-Yawning.avi 0 4 0 5 6 2 7 -1 0
39-FemaleNoGlasses-Talking&Yawning.avi 0 15 1 16 17 2 18 -1 1
39-FemaleNoGlasses-Yawning.avi 0 2 0 3 6 2 7 -1 0
40-FemaleNoGlasses-Yawning.avi 0 8 0 9 12 2 13 20 0
41-FemaleGlasses-Yawning.avi 0 5 0 6 8 2 9 -1 0
