2-MaleGlasses-Yawning.avi 0 3 0 4 10 2 11 -1 0
3-MaleGlasses-Yawning.avi 0 1 0 2 6 2 7 -1 0
3-MaleNoGlasses-Yawning.avi 2 5 2 6 12 1 13 18 0
4-MaleNoGlasses-Yawning.avi 2 6 2 7 -1 0
5-MaleNoGlasses-Yawning.avi 0 3 0 4 6 2 5 11 0 12 15 2 16 -1 0
6-MaleNoGlasses-Yawning.avi 1 5 2 6 8 2
7-MaleGlasses-Yawning.avi 0 2 0 3 7 2 8 14 0 15 19 2
8-MaleGlassesBeard-Yawning.avi 0 2 0 3 4 2 5 9 0 10 12 2 13 -1 0
9-MaleNoGlasses-Yawning.avi 0 2 0 3 4 2 5 13 0 14 18 2 19 -1 0
10-MaleNoGlasses-Yawning.avi 2 3 2 4 6 0 7 11 2 12 -1 0
11-MaleGlasses-Yawning.avi 2 6 1 7 9 0 10 15 2 16 -1 0
12-MaleGlasses-Yawning.avi 1 5 1 6 11 2 12 20 1 21 27 2 28 -1 1
13-MaleGlasses-Yawning.avi 1 4 2 5 -1 0
15-MaleNoGlasses-Yawning.avi 2 6 2 7 10 0 11 15 2 16 -1 0
17-MaleNoGlasses-Yawning.avi 0 4 0 5 8 2 9 -1 0
18-MaleNoGlasses-Yawning.avi 0 4 0 5 10 2 11 -1 0
19-MaleGlassesmoustache-Yawning.avi 2 5 2 6 -1 0
20-MaleGlasses-Talking&yawning.avi 0 3 1 4 7 0 8 11 2 13 16 1 17 34 0 35 37 2 38 41 0
21-MaleGlasses-Yawning.avi 0 3 0 4 8 2 9 -1 0
22-MaleGlassesmoustache-Yawning.avi 0 2 0 3 10 2 11 14 0 15 27 2 29 30 2
23-MaleGlassesBeard-Talking&Yawning.avi 1 5 2 6 8 0 9 10 1 11 12 0 13 14 1
23-MaleGlassesBeard-Yawning.avi 0 4 0 5 8 2 9 11 0 12 15 2 18 20 2
23-MaleNoGlasses-Yawning.avi 0 4 0 5 8 2 9 17 1 18 20 2 21 -1 0
24-MaleGlasses-Yawning.avi 0 7 0 8 10 2 11 16 0 17 19 2 20 -1 0
25-MaleGlasses-Yawning.avi 0 5 0 6 9 2 10 -1 0
25-MaleSunGlasses-Yawning.avi 2 7 2 8 -1 0
26-MaleNoGlasses-Yawning.avi 0 3 0 4 8 2 9 -1 0
27-MaleGlasses-Yawning.avi 0 3 0 4 8 2 9 -1 0
27-MaleNoGlasses-Yawning.avi 0 4 0 5 9 2 10 -1 0
28-MaleGlasses-Yawning.avi 0 4 0 5 9 2 10 15 0 19 22 2 23 -1 0
28-MaleNoGlasses-Yawning.avi 0 4 0 5 9 2 6 -1 0
29-MaleNoGlasses-Yawning.avi 0 4 0 5 7 2 8 10 0 11 12 2 16 17 2
30-MaleGlasses-Talking&Yawning.avi 3 10 1 12 16 2 17 -1 0
30-MaleGlasses-Yawning.avi 0 3 0 4 8 2 9 -1 0
31-MaleGlasses-Yawning.avi 0 10 2 11 -1 0
32-MaleGlasses-Talking&Yawning.avi 2 9 1 10 16 2 18 20 0
32-MaleGlasses-Yawning.avi 0 6 0 7 13 2 14 19 0
33-MaleGlasses-Talking&Yawning.avi 2 8 1 9 12 2 13 15 1
33-MaleGlasses-Yawning.avi 0 4 0 5 9 2 10 -1 0
34-MaleNoGlasses-Yawning.avi 0 4 1 7 9 2 13 15 2 16 -1 0
35-MaleNoGlasses-Yawning.avi 0 4 0 5 7 2 8 -1 0
36-MaleNoGlasses-Yawning.avi 0 4 0 5 8 2 9 -1 0
36-MaleSunGlasses-Yawning.avi 0 5 0 6 9 2 10 -1 0
37-MaleNoGlasses-Yawning.avi 0 5 0 6 11 2 12 -1 0
38-MaleNoGlasses-Yawning.avi 0 5 0 6 9 2 10 -1 0
38-MaleSunGlasses-Yawning.avi 0 2 0 3 7 2 8 -1 0
39-MaleGlasses-Yawning.avi 0 11 0 12 13 2 15 17 1 19 23 2 24 -1 0
40-MaleNoGlasses-Yawning.avi 0 5 0 6 11 2 12 -1 0
41-MaleNoGlasses-Yawning.avi 2 4 0 5 9 2 10 -1 0
42-MaleNoGlasses-Yawning.avi 0 6 0 7 11 2 12 -1 0
43-MaleNoGlasses-Yawning.avi 0 5 0 6 7 2 8 -1 0
44-MaleNoGlasses-Yawning.avi 2 6 2 7 9 0 10 11 1 12 15 0 16 19 2 20 -1 0
